[debug] pydevd not available: ModuleNotFoundError("No module named '_pydevd_bundle.tables'")
65e168ec-8de9-4d5e-8910-d8aa32a69447
▶️  CELERY STARTUP
   CWD = /app
   sys.path[0] = /app
   full sys.path = ['/app', '/usr/local/lib/python312.zip', '/usr/local/lib/python3.12', '/usr/local/lib/python3.12/lib-dynload', '/usr/local/lib/python3.12/site-packages'] 

imported AnalysisTask
app.services.BackTestService
imported run_grid_search_task
 
 -------------- celery@01ad05db516a v5.3.6 (emerald-rush)
--- ***** ----- 
-- ******* ---- Linux-6.10.14-linuxkit-aarch64-with-glibc2.36 2025-08-05 17:16:07
- *** --- * --- 
- ** ---------- [config]
- ** ---------- .> app:         kwontbot:0xffff800f5130
- ** ---------- .> transport:   redis://redis:6379/0
- ** ---------- .> results:     redis://redis:6379/0
- *** --- * --- .> concurrency: 4 (prefork)
-- ******* ---- .> task events: OFF (enable -E to monitor tasks in this worker)
--- ***** ----- 
 -------------- [queues]
                .> celery           exchange=celery(direct) key=celery
                

[2025-08-05 17:16:07,093: WARNING/ForkPoolWorker-1] ▶️  WORKER_PROCESS_INIT
[2025-08-05 17:16:07,093: WARNING/ForkPoolWorker-1]     CWD         =
[2025-08-05 17:16:07,093: WARNING/ForkPoolWorker-1]  
[2025-08-05 17:16:07,093: WARNING/ForkPoolWorker-1] /app
[2025-08-05 17:16:07,093: WARNING/ForkPoolWorker-1]     sys.path[0] =
[2025-08-05 17:16:07,093: WARNING/ForkPoolWorker-1]  
[2025-08-05 17:16:07,093: WARNING/ForkPoolWorker-1] /app
[2025-08-05 17:16:07,094: WARNING/ForkPoolWorker-1]     full sys.path =
[2025-08-05 17:16:07,094: WARNING/ForkPoolWorker-1]  
[2025-08-05 17:16:07,094: WARNING/ForkPoolWorker-1] ['/app', '/usr/local/lib/python312.zip', '/usr/local/lib/python3.12', '/usr/local/lib/python3.12/lib-dynload', '/usr/local/lib/python3.12/site-packages']
[2025-08-05 17:16:07,094: WARNING/ForkPoolWorker-1]     entities spec  =
[2025-08-05 17:16:07,094: WARNING/ForkPoolWorker-1]  
[2025-08-05 17:16:07,094: WARNING/ForkPoolWorker-1] None
[2025-08-05 17:16:07,136: WARNING/ForkPoolWorker-2] ▶️  WORKER_PROCESS_INIT
[2025-08-05 17:16:07,136: WARNING/ForkPoolWorker-2]     CWD         =
[2025-08-05 17:16:07,136: WARNING/ForkPoolWorker-2]  
[2025-08-05 17:16:07,136: WARNING/ForkPoolWorker-2] /app
[2025-08-05 17:16:07,136: WARNING/ForkPoolWorker-2]     sys.path[0] =
[2025-08-05 17:16:07,136: WARNING/ForkPoolWorker-2]  
[2025-08-05 17:16:07,136: WARNING/ForkPoolWorker-2] /app
[2025-08-05 17:16:07,136: WARNING/ForkPoolWorker-2]     full sys.path =
[2025-08-05 17:16:07,136: WARNING/ForkPoolWorker-2]  
[2025-08-05 17:16:07,136: WARNING/ForkPoolWorker-2] ['/app', '/usr/local/lib/python312.zip', '/usr/local/lib/python3.12', '/usr/local/lib/python3.12/lib-dynload', '/usr/local/lib/python3.12/site-packages']
[2025-08-05 17:16:07,137: WARNING/ForkPoolWorker-2]     entities spec  =
[2025-08-05 17:16:07,137: WARNING/ForkPoolWorker-2]  
[2025-08-05 17:16:07,137: WARNING/ForkPoolWorker-2] None
[2025-08-05 17:16:07,182: WARNING/MainProcess] /usr/local/lib/python3.12/site-packages/celery/worker/consumer/consumer.py:507: CPendingDeprecationWarning: The broker_connection_retry configuration setting will no longer determine
whether broker connection retries are made during startup in Celery 6.0 and above.
If you wish to retain the existing behavior for retrying connections on startup,
you should set broker_connection_retry_on_startup to True.
  warnings.warn(

[2025-08-05 17:16:07,185: WARNING/ForkPoolWorker-3] ▶️  WORKER_PROCESS_INIT
[2025-08-05 17:16:07,185: WARNING/ForkPoolWorker-3]     CWD         =
[2025-08-05 17:16:07,185: WARNING/ForkPoolWorker-3]  
[2025-08-05 17:16:07,185: WARNING/ForkPoolWorker-3] /app
[2025-08-05 17:16:07,185: WARNING/ForkPoolWorker-3]     sys.path[0] =
[2025-08-05 17:16:07,185: WARNING/ForkPoolWorker-3]  
[2025-08-05 17:16:07,185: WARNING/ForkPoolWorker-3] /app
[2025-08-05 17:16:07,185: WARNING/ForkPoolWorker-3]     full sys.path =
[2025-08-05 17:16:07,185: WARNING/ForkPoolWorker-3]  
[2025-08-05 17:16:07,185: WARNING/ForkPoolWorker-3] ['/app', '/usr/local/lib/python312.zip', '/usr/local/lib/python3.12', '/usr/local/lib/python3.12/lib-dynload', '/usr/local/lib/python3.12/site-packages']
[2025-08-05 17:16:07,185: WARNING/ForkPoolWorker-3]     entities spec  =
[2025-08-05 17:16:07,186: WARNING/ForkPoolWorker-3]  
[2025-08-05 17:16:07,186: WARNING/ForkPoolWorker-3] None
[2025-08-05 17:16:07,188: WARNING/MainProcess] /usr/local/lib/python3.12/site-packages/celery/worker/consumer/consumer.py:507: CPendingDeprecationWarning: The broker_connection_retry configuration setting will no longer determine
whether broker connection retries are made during startup in Celery 6.0 and above.
If you wish to retain the existing behavior for retrying connections on startup,
you should set broker_connection_retry_on_startup to True.
  warnings.warn(

[2025-08-05 17:16:07,221: WARNING/ForkPoolWorker-4] ▶️  WORKER_PROCESS_INIT
[2025-08-05 17:16:07,221: WARNING/ForkPoolWorker-4]     CWD         =
[2025-08-05 17:16:07,221: WARNING/ForkPoolWorker-4]  
[2025-08-05 17:16:07,221: WARNING/ForkPoolWorker-4] /app
[2025-08-05 17:16:07,221: WARNING/ForkPoolWorker-4]     sys.path[0] =
[2025-08-05 17:16:07,221: WARNING/ForkPoolWorker-4]  
[2025-08-05 17:16:07,221: WARNING/ForkPoolWorker-4] /app
[2025-08-05 17:16:07,221: WARNING/ForkPoolWorker-4]     full sys.path =
[2025-08-05 17:16:07,221: WARNING/ForkPoolWorker-4]  
[2025-08-05 17:16:07,221: WARNING/ForkPoolWorker-4] ['/app', '/usr/local/lib/python312.zip', '/usr/local/lib/python3.12', '/usr/local/lib/python3.12/lib-dynload', '/usr/local/lib/python3.12/site-packages']
[2025-08-05 17:16:07,221: WARNING/ForkPoolWorker-4]     entities spec  =
[2025-08-05 17:16:07,221: WARNING/ForkPoolWorker-4]  
[2025-08-05 17:16:07,221: WARNING/ForkPoolWorker-4] None
[2025-08-05 17:25:16,642: INFO/ForkPoolWorker-2] app.tasks.BackTestTask.run_backtest_task[1d30563d-87b4-44b3-b472-a47ae2d6a392]: Cache miss [c9ccd68cad58737e] and the orchestrator input is reached
[2025-08-05 17:25:45,708: INFO/ForkPoolWorker-4] app.tasks.BackTestTask.run_backtest_task[e923ff23-bc8f-45ca-89e9-1ce785a9f7c8]: Cache miss [8fdef328e499bb5a] and the orchestrator input is reached
[2025-08-05 17:29:58,338: INFO/ForkPoolWorker-2] app.tasks.BackTestTask.run_backtest_task[1d30563d-87b4-44b3-b472-a47ae2d6a392]: OrchestratorService: executor initialized.
[2025-08-05 17:29:58,338: INFO/ForkPoolWorker-2] app.tasks.BackTestTask.run_backtest_task[1d30563d-87b4-44b3-b472-a47ae2d6a392]: OrchestratorService: running backtest dd0cd5f1a946f0ff
[2025-08-05 17:29:58,340: INFO/ForkPoolWorker-2] ???[???]: OrchestratorService: using network 'binancetradingbot_default'
[2025-08-05 17:29:58,479: INFO/ForkPoolWorker-2] ???[???]: json dumped is {"start_date": "2024-08-02T15:11:36.264000+00:00", "end_date": "2025-08-01T15:11:36.264000+00:00", "initial_capital": 10000.0, "position_size_pct": 5.0, "max_positions": 10, "tp_ratio": 0.1, "sl_ratio": 0.05, "fee_model": {"builtin": "static", "params": {}}, "slippage_model": {"builtin": "zero", "params": {}}, "fill_policy": {"builtin": "AggressiveMarketPolicy", "params": {}}, "capacity_policy": {"builtin": "LegCapacity", "params": {}}, "sizing_model": {"builtin": "fixed_fraction", "params": {}}, "parallel_symbols": 4, "use_perpetuals": false, "save_charts": false, "custom_strategy_code": "", "strategy_config": {"name": "PeakEMAReversalStrategy", "params": {"additionalProp1": {}}}, "symbols": ["BTCUSDT"], "interval": "1h", "num_iterations": 1000, "timestamp": "2025-08-05T17:29:58+00:00"}

[2025-08-05 17:29:58,479: WARNING/ForkPoolWorker-2] ???[???]: High-level socket write failed: File or stream is not writable.
[2025-08-05 17:29:59,543: INFO/ForkPoolWorker-2] ???[???]: OrchestratorService: backtest dd0cd5f1a946f0ff finished
ENTRYPOINT STARTED
2025-08-05 17:29:58,904 INFO Entry point reached, attempting to read config.
2025-08-05 17:29:58,904 INFO Waiting up to 20s for config on stdin...
=== RAW INPUT START ===
{"start_date": "2024-08-02T15:11:36.264000+00:00", "end_date": "2025-08-01T15:11:36.264000+00:00", "initial_capital": 10000.0, "position_size_pct": 5.0, "max_positions": 10, "tp_ratio": 0.1, "sl_ratio": 0.05, "fee_model": {"builtin": "static", "params": {}}, "slippage_model": {"builtin": "zero", "params": {}}, "fill_policy": {"builtin": "AggressiveMarketPolicy", "params": {}}, "capacity_policy": {"builtin": "LegCapacity", "params": {}}, "sizing_model": {"builtin": "fixed_fraction", "params": {}}, "parallel_symbols": 4, "use_perpetuals": false, "save_charts": false, "custom_strategy_code": "", "strategy_config": {"name": "PeakEMAReversalStrategy", "params": {"additionalProp1": {}}}, "symbols": ["BTCUSDT"], "interval": "1h", "num_iterations": 1000, "timestamp": "2025-08-05T17:29:58+00:00"}

=== RAW INPUT END ===
2025-08-05 17:29:58,904 INFO Bytes read: 799
2025-08-05 17:29:58,904 INFO Parsed JSON OK. Keys: ['start_date', 'end_date', 'initial_capital', 'position_size_pct', 'max_positions', 'tp_ratio', 'sl_ratio', 'fee_model', 'slippage_model', 'fill_policy', 'capacity_policy', 'sizing_model', 'parallel_symbols', 'use_perpetuals', 'save_charts', 'custom_strategy_code', 'strategy_config', 'symbols', 'interval', 'num_iterations']
2025-08-05 17:29:58,910 [df746fdf] INFO: Proposals built: 0
{"final_cash": 100000, "trade_log": [], "equity_curve": [], "symbol_count": 1, "interval": "1h", "strategy": "PeakEMAReversalStrategy", "parallel_symbols": 4}
2025-08-05 17:29:58,911 INFO Backtest finished, result printed.

[2025-08-05 17:29:59,558: INFO/ForkPoolWorker-2] app.tasks.BackTestTask.run_backtest_task[1d30563d-87b4-44b3-b472-a47ae2d6a392]: Backtest finished [{'final_cash': 100000, 'trade_log': [], 'equity_curve': [], 'symbol_count': 1, 'interval': '1h', 'strategy': 'PeakEMAReversalStrategy', 'parallel_symbols': 4}]
[2025-08-05 17:34:48,373: INFO/ForkPoolWorker-4] app.tasks.BackTestTask.run_backtest_task[e923ff23-bc8f-45ca-89e9-1ce785a9f7c8]: OrchestratorService: executor initialized.
[2025-08-05 17:34:48,374: INFO/ForkPoolWorker-4] app.tasks.BackTestTask.run_backtest_task[e923ff23-bc8f-45ca-89e9-1ce785a9f7c8]: OrchestratorService: running backtest 53a21304fcc26b30
[2025-08-05 17:34:48,375: INFO/ForkPoolWorker-4] ???[???]: OrchestratorService: using network 'binancetradingbot_default'
[2025-08-05 17:34:48,482: INFO/ForkPoolWorker-4] ???[???]: json dumped is {"start_date": "2024-08-02T15:11:36.264000+00:00", "end_date": "2025-08-01T15:11:36.264000+00:00", "initial_capital": 10000.0, "position_size_pct": 5.0, "max_positions": 10, "tp_ratio": 0.1, "sl_ratio": 0.05, "fee_model": {"builtin": "static", "params": {}}, "slippage_model": {"builtin": "zero", "params": {}}, "fill_policy": {"builtin": "AggressiveMarketPolicy", "params": {}}, "capacity_policy": {"builtin": "LegCapacity", "params": {}}, "sizing_model": {"builtin": "fixed_fraction", "params": {}}, "parallel_symbols": 4, "use_perpetuals": false, "save_charts": false, "custom_strategy_code": "", "strategy_config": {"name": "PeakEMAReversalStrategy", "params": {"additionalProp1": {}}}, "symbols": ["BTCUSDT"], "interval": "1h", "num_iterations": 100, "timestamp": "2025-08-05T17:34:48+00:00"}

[2025-08-05 17:34:48,482: WARNING/ForkPoolWorker-4] ???[???]: High-level socket write failed: File or stream is not writable.
[2025-08-05 17:34:49,486: INFO/ForkPoolWorker-4] ???[???]: OrchestratorService: backtest 53a21304fcc26b30 finished
ENTRYPOINT STARTED
2025-08-05 17:34:48,848 INFO Entry point reached, attempting to read config.
2025-08-05 17:34:48,848 INFO Waiting up to 20s for config on stdin...
=== RAW INPUT START ===
{"start_date": "2024-08-02T15:11:36.264000+00:00", "end_date": "2025-08-01T15:11:36.264000+00:00", "initial_capital": 10000.0, "position_size_pct": 5.0, "max_positions": 10, "tp_ratio": 0.1, "sl_ratio": 0.05, "fee_model": {"builtin": "static", "params": {}}, "slippage_model": {"builtin": "zero", "params": {}}, "fill_policy": {"builtin": "AggressiveMarketPolicy", "params": {}}, "capacity_policy": {"builtin": "LegCapacity", "params": {}}, "sizing_model": {"builtin": "fixed_fraction", "params": {}}, "parallel_symbols": 4, "use_perpetuals": false, "save_charts": false, "custom_strategy_code": "", "strategy_config": {"name": "PeakEMAReversalStrategy", "params": {"additionalProp1": {}}}, "symbols": ["BTCUSDT"], "interval": "1h", "num_iterations": 100, "timestamp": "2025-08-05T17:34:48+00:00"}

=== RAW INPUT END ===
2025-08-05 17:34:48,849 INFO Bytes read: 798
2025-08-05 17:34:48,849 INFO Parsed JSON OK. Keys: ['start_date', 'end_date', 'initial_capital', 'position_size_pct', 'max_positions', 'tp_ratio', 'sl_ratio', 'fee_model', 'slippage_model', 'fill_policy', 'capacity_policy', 'sizing_model', 'parallel_symbols', 'use_perpetuals', 'save_charts', 'custom_strategy_code', 'strategy_config', 'symbols', 'interval', 'num_iterations']
2025-08-05 17:34:48,852 [45af734f] INFO: Proposals built: 0
{"final_cash": 100000, "trade_log": [], "equity_curve": [], "symbol_count": 1, "interval": "1h", "strategy": "PeakEMAReversalStrategy", "parallel_symbols": 4}
2025-08-05 17:34:48,853 INFO Backtest finished, result printed.

[2025-08-05 17:34:49,502: INFO/ForkPoolWorker-4] app.tasks.BackTestTask.run_backtest_task[e923ff23-bc8f-45ca-89e9-1ce785a9f7c8]: Backtest finished [{'final_cash': 100000, 'trade_log': [], 'equity_curve': [], 'symbol_count': 1, 'interval': '1h', 'strategy': 'PeakEMAReversalStrategy', 'parallel_symbols': 4}]
[2025-08-05 17:36:05,989: INFO/ForkPoolWorker-2] app.tasks.BackTestTask.run_backtest_task[12e99cb5-d770-4264-aaa7-68784133624b]: Cache hit [8fdef328e499bb5a]
[2025-08-05 17:38:40,265: WARNING/ForkPoolWorker-2] /app/app/services/marketDataService/DataServices.py:120: FutureWarning: The behavior of DatetimeProperties.to_pydatetime is deprecated, in a future version this will return a Series containing python datetime objects instead of an ndarray. To retain the old behavior, call `np.array` on the result
  .dt.to_pydatetime()  # pure Python datetime

[2025-08-05 17:38:40,285: WARNING/ForkPoolWorker-2] /app/app/services/marketDataService/DataServices.py:120: FutureWarning: The behavior of DatetimeProperties.to_pydatetime is deprecated, in a future version this will return a Series containing python datetime objects instead of an ndarray. To retain the old behavior, call `np.array` on the result
  .dt.to_pydatetime()  # pure Python datetime

[2025-08-05 17:38:40,344: WARNING/ForkPoolWorker-2] /app/app/services/marketDataService/DataServices.py:120: FutureWarning: The behavior of DatetimeProperties.to_pydatetime is deprecated, in a future version this will return a Series containing python datetime objects instead of an ndarray. To retain the old behavior, call `np.array` on the result
  .dt.to_pydatetime()  # pure Python datetime

[2025-08-05 17:38:45,360: WARNING/ForkPoolWorker-2] /app/app/services/marketDataService/DataServices.py:120: FutureWarning: The behavior of DatetimeProperties.to_pydatetime is deprecated, in a future version this will return a Series containing python datetime objects instead of an ndarray. To retain the old behavior, call `np.array` on the result
  .dt.to_pydatetime()  # pure Python datetime

[2025-08-05 17:38:45,373: INFO/ForkPoolWorker-2] app.tasks.BackTestTask.run_backtest_task[f7b134c6-3163-4d5b-b7a7-a5f9b9f2d110]: Cache miss [d9aeeb91ef1f2ddc] and the orchestrator input is reached
[2025-08-05 17:38:45,373: INFO/ForkPoolWorker-2] app.tasks.BackTestTask.run_backtest_task[f7b134c6-3163-4d5b-b7a7-a5f9b9f2d110]: OrchestratorService: running backtest c2759205d7670638
[2025-08-05 17:38:45,373: INFO/ForkPoolWorker-2] ???[???]: OrchestratorService: using network 'binancetradingbot_default'
[2025-08-05 17:38:45,471: INFO/ForkPoolWorker-2] ???[???]: json dumped is {"start_date": "2024-08-02T15:11:36.264000+00:00", "end_date": "2025-08-01T15:11:36.264000+00:00", "initial_capital": 10000.0, "position_size_pct": 5.0, "max_positions": 10, "tp_ratio": 0.1, "sl_ratio": 0.05, "fee_model": {"builtin": "static", "params": {}}, "slippage_model": {"builtin": "zero", "params": {}}, "fill_policy": {"builtin": "AggressiveMarketPolicy", "params": {}}, "capacity_policy": {"builtin": "LegCapacity", "params": {}}, "sizing_model": {"builtin": "fixed_fraction", "params": {}}, "parallel_symbols": 4, "use_perpetuals": false, "save_charts": false, "custom_strategy_code": "", "strategy_config": {"name": "PeakEMAReversalStrategy", "params": {"additionalProp1": {}}}, "symbols": ["BTCUSDT", "ETCUSDT", "XRPUSDT", "XLMUSDT"], "interval": "1h", "num_iterations": 100, "timestamp": "2025-08-05T17:38:45+00:00"}

[2025-08-05 17:38:45,471: WARNING/ForkPoolWorker-2] ???[???]: High-level socket write failed: File or stream is not writable.
[2025-08-05 17:38:46,453: INFO/ForkPoolWorker-2] ???[???]: OrchestratorService: backtest c2759205d7670638 finished
ENTRYPOINT STARTED
2025-08-05 17:38:45,836 INFO Entry point reached, attempting to read config.
2025-08-05 17:38:45,836 INFO Waiting up to 20s for config on stdin...
=== RAW INPUT START ===
{"start_date": "2024-08-02T15:11:36.264000+00:00", "end_date": "2025-08-01T15:11:36.264000+00:00", "initial_capital": 10000.0, "position_size_pct": 5.0, "max_positions": 10, "tp_ratio": 0.1, "sl_ratio": 0.05, "fee_model": {"builtin": "static", "params": {}}, "slippage_model": {"builtin": "zero", "params": {}}, "fill_policy": {"builtin": "AggressiveMarketPolicy", "params": {}}, "capacity_policy": {"builtin": "LegCapacity", "params": {}}, "sizing_model": {"builtin": "fixed_fraction", "params": {}}, "parallel_symbols": 4, "use_perpetuals": false, "save_charts": false, "custom_strategy_code": "", "strategy_config": {"name": "PeakEMAReversalStrategy", "params": {"additionalProp1": {}}}, "symbols": ["BTCUSDT", "ETCUSDT", "XRPUSDT", "XLMUSDT"], "interval": "1h", "num_iterations": 100, "timestamp": "2025-08-05T17:38:45+00:00"}

=== RAW INPUT END ===
2025-08-05 17:38:45,836 INFO Bytes read: 831
2025-08-05 17:38:45,836 INFO Parsed JSON OK. Keys: ['start_date', 'end_date', 'initial_capital', 'position_size_pct', 'max_positions', 'tp_ratio', 'sl_ratio', 'fee_model', 'slippage_model', 'fill_policy', 'capacity_policy', 'sizing_model', 'parallel_symbols', 'use_perpetuals', 'save_charts', 'custom_strategy_code', 'strategy_config', 'symbols', 'interval', 'num_iterations']
2025-08-05 17:38:45,841 [d095130c] INFO: Proposals built: 0
{"final_cash": 100000, "trade_log": [], "equity_curve": [], "symbol_count": 4, "interval": "1h", "strategy": "PeakEMAReversalStrategy", "parallel_symbols": 4}
2025-08-05 17:38:45,843 INFO Backtest finished, result printed.

[2025-08-05 17:38:46,468: INFO/ForkPoolWorker-2] app.tasks.BackTestTask.run_backtest_task[f7b134c6-3163-4d5b-b7a7-a5f9b9f2d110]: Backtest finished [{'final_cash': 100000, 'trade_log': [], 'equity_curve': [], 'symbol_count': 4, 'interval': '1h', 'strategy': 'PeakEMAReversalStrategy', 'parallel_symbols': 4}]
[2025-08-05 17:40:22,521: WARNING/ForkPoolWorker-2] /app/app/services/marketDataService/DataServices.py:120: FutureWarning: The behavior of DatetimeProperties.to_pydatetime is deprecated, in a future version this will return a Series containing python datetime objects instead of an ndarray. To retain the old behavior, call `np.array` on the result
  .dt.to_pydatetime()  # pure Python datetime

[2025-08-05 17:40:22,607: WARNING/ForkPoolWorker-2] /app/app/services/marketDataService/DataServices.py:120: FutureWarning: The behavior of DatetimeProperties.to_pydatetime is deprecated, in a future version this will return a Series containing python datetime objects instead of an ndarray. To retain the old behavior, call `np.array` on the result
  .dt.to_pydatetime()  # pure Python datetime

[2025-08-05 17:40:22,665: WARNING/ForkPoolWorker-2] /app/app/services/marketDataService/DataServices.py:120: FutureWarning: The behavior of DatetimeProperties.to_pydatetime is deprecated, in a future version this will return a Series containing python datetime objects instead of an ndarray. To retain the old behavior, call `np.array` on the result
  .dt.to_pydatetime()  # pure Python datetime

[2025-08-05 17:40:22,677: INFO/ForkPoolWorker-2] app.tasks.BackTestTask.run_backtest_task[14d776c1-bc3d-43e9-b3b8-d81e6d7eeb9f]: Cache miss [bb169bdfe08fdb6a] and the orchestrator input is reached
[2025-08-05 17:40:22,678: INFO/ForkPoolWorker-2] app.tasks.BackTestTask.run_backtest_task[14d776c1-bc3d-43e9-b3b8-d81e6d7eeb9f]: OrchestratorService: running backtest 10f6205338561a2b
[2025-08-05 17:40:22,678: INFO/ForkPoolWorker-2] ???[???]: OrchestratorService: using network 'binancetradingbot_default'
[2025-08-05 17:40:22,780: INFO/ForkPoolWorker-2] ???[???]: json dumped is {"start_date": "2024-08-02T15:11:36.264000+00:00", "end_date": "2025-08-01T15:11:36.264000+00:00", "initial_capital": 10000.0, "position_size_pct": 5.0, "max_positions": 10, "tp_ratio": 0.1, "sl_ratio": 0.05, "fee_model": {"builtin": "static", "params": {}}, "slippage_model": {"builtin": "zero", "params": {}}, "fill_policy": {"builtin": "AggressiveMarketPolicy", "params": {}}, "capacity_policy": {"builtin": "LegCapacity", "params": {}}, "sizing_model": {"builtin": "fixed_fraction", "params": {}}, "parallel_symbols": 4, "use_perpetuals": false, "save_charts": false, "custom_strategy_code": "", "strategy_config": {"name": "PeakEMAReversalStrategy", "params": {"additionalProp1": {}}}, "symbols": ["BTCUSDT", "ETCUSDT", "XRPUSDT", "XLMUSDT"], "interval": "1h", "num_iterations": 10000, "timestamp": "2025-08-05T17:40:22+00:00"}

[2025-08-05 17:40:22,780: WARNING/ForkPoolWorker-2] ???[???]: High-level socket write failed: File or stream is not writable.
[2025-08-05 17:40:23,777: INFO/ForkPoolWorker-2] ???[???]: OrchestratorService: backtest 10f6205338561a2b finished
ENTRYPOINT STARTED
2025-08-05 17:40:23,126 INFO Entry point reached, attempting to read config.
2025-08-05 17:40:23,126 INFO Waiting up to 20s for config on stdin...
=== RAW INPUT START ===
{"start_date": "2024-08-02T15:11:36.264000+00:00", "end_date": "2025-08-01T15:11:36.264000+00:00", "initial_capital": 10000.0, "position_size_pct": 5.0, "max_positions": 10, "tp_ratio": 0.1, "sl_ratio": 0.05, "fee_model": {"builtin": "static", "params": {}}, "slippage_model": {"builtin": "zero", "params": {}}, "fill_policy": {"builtin": "AggressiveMarketPolicy", "params": {}}, "capacity_policy": {"builtin": "LegCapacity", "params": {}}, "sizing_model": {"builtin": "fixed_fraction", "params": {}}, "parallel_symbols": 4, "use_perpetuals": false, "save_charts": false, "custom_strategy_code": "", "strategy_config": {"name": "PeakEMAReversalStrategy", "params": {"additionalProp1": {}}}, "symbols": ["BTCUSDT", "ETCUSDT", "XRPUSDT", "XLMUSDT"], "interval": "1h", "num_iterations": 10000, "timestamp": "2025-08-05T17:40:22+00:00"}

=== RAW INPUT END ===
2025-08-05 17:40:23,126 INFO Bytes read: 833
2025-08-05 17:40:23,126 INFO Parsed JSON OK. Keys: ['start_date', 'end_date', 'initial_capital', 'position_size_pct', 'max_positions', 'tp_ratio', 'sl_ratio', 'fee_model', 'slippage_model', 'fill_policy', 'capacity_policy', 'sizing_model', 'parallel_symbols', 'use_perpetuals', 'save_charts', 'custom_strategy_code', 'strategy_config', 'symbols', 'interval', 'num_iterations']
2025-08-05 17:40:23,132 [06bd13d2] INFO: Proposals built: 0
{"final_cash": 100000, "trade_log": [], "equity_curve": [], "symbol_count": 4, "interval": "1h", "strategy": "PeakEMAReversalStrategy", "parallel_symbols": 4}
2025-08-05 17:40:23,133 INFO Backtest finished, result printed.

[2025-08-05 17:40:23,792: INFO/ForkPoolWorker-2] app.tasks.BackTestTask.run_backtest_task[14d776c1-bc3d-43e9-b3b8-d81e6d7eeb9f]: Backtest finished [{'final_cash': 100000, 'trade_log': [], 'equity_curve': [], 'symbol_count': 4, 'interval': '1h', 'strategy': 'PeakEMAReversalStrategy', 'parallel_symbols': 4}]
